<?xml version="1.0" encoding="UTF-8"?>
<!-- Generated by org.testng.reporters.JUnitReportReporter -->
<testsuite hostname="TrexaiiMae" failures="0" tests="6" name="FrameworkPractice.PurchaseOrder" time="34.634" errors="0" timestamp="2024-08-20T11:28:58 CST" skipped="0">
  <testcase classname="FrameworkPractice.PurchaseOrder" name="OrderHistory" time="3.849"/>
  <system-out/>
  <testcase classname="FrameworkPractice.PurchaseOrder" name="OrderHistory" time="3.618"/>
  <system-out/>
  <testcase classname="FrameworkPractice.PurchaseOrder" name="submitOrder" time="7.337"/>
  <system-out/>
  <testcase classname="FrameworkPractice.PurchaseOrder" name="submitOrder" time="7.437"/>
  <system-out/>
  <testcase classname="FrameworkPractice.PurchaseOrder" name="submitOrder" time="8.969"/>
  <system-out/>
  <testcase classname="FrameworkPractice.PurchaseOrder" name="OrderHistory" time="3.424"/>
  <system-out/>
</testsuite> <!-- FrameworkPractice.PurchaseOrder -->
