<?xml version="1.0" encoding="UTF-8"?>
<!-- Generated by org.testng.reporters.JUnitReportReporter -->
<testsuite hostname="TrexaiiMae" failures="0" tests="3" name="FrameworkPractice.PurchaseOrder" time="29.122" errors="0" timestamp="21 Aug 2024 04:09:43 GMT" skipped="0">
  <testcase classname="FrameworkPractice.PurchaseOrder" name="submitOrder" time="9.675"/>
  <testcase classname="FrameworkPractice.PurchaseOrder" name="submitOrder" time="9.835"/>
  <testcase classname="FrameworkPractice.PurchaseOrder" name="submitOrder" time="9.612"/>
</testsuite> <!-- FrameworkPractice.PurchaseOrder -->
