<?xml version="1.0" encoding="UTF-8"?>
<!-- Generated by org.testng.reporters.JUnitReportReporter -->
<testsuite hostname="TrexaiiMae" failures="0" tests="3" name="FrameworkPractice.PurchaseOrder" time="22.906" errors="0" timestamp="20 Aug 2024 03:29:41 GMT" skipped="0">
  <testcase classname="FrameworkPractice.PurchaseOrder" name="submitOrder" time="8.202"/>
  <testcase classname="FrameworkPractice.PurchaseOrder" name="submitOrder" time="7.288"/>
  <testcase classname="FrameworkPractice.PurchaseOrder" name="submitOrder" time="7.416"/>
</testsuite> <!-- FrameworkPractice.PurchaseOrder -->
